MyFirstApp/app/build/intermediates/manifest_merge_blame_file/debug/manifest-merger-blame-debug-report.txt
1<?xml version="1.0" encoding="utf-8"?>
2<manifest xmlns:android="http://schemas.android.com/apk/res/android"
3    package="com.example.myfirstapp"
4    android:versionCode="1"
5    android:versionName="1.0" >
6
7    <uses-sdk
8        android:minSdkVersion="21"
8-->src/main/AndroidManifest.xml
9        android:targetSdkVersion="32" />
9-->src/main/AndroidManifest.xml
10
11    <application
11-->src/main/AndroidManifest.xml:5:5-27:19
12        android:allowBackup="true"
12-->src/main/AndroidManifest.xml:6:9-35
13        android:appComponentFactory="androidx.core.app.CoreComponentFactory"
13-->[androidx.core:core:1.5.0] AndroidManifest.xml:24:18-86
14        android:debuggable="true"
15        android:icon="@mipmap/ic_launcher"
15-->src/main/AndroidManifest.xml:7:9-43
16        android:label="@string/app_name"
16-->src/main/AndroidManifest.xml:8:9-41
17        android:roundIcon="@mipmap/ic_launcher_round"
17-->src/main/AndroidManifest.xml:9:9-54
18        android:supportsRtl="true"
18-->src/main/AndroidManifest.xml:10:9-35
19        android:testOnly="true"
20        android:theme="@style/Theme.MyFirstApp" >
20-->src/main/AndroidManifest.xml:11:9-48
21        <activity
21-->src/main/AndroidManifest.xml:12:9-18:20
22            android:name="com.example.myfirstapp.DisplayMessageActivity"
22-->src/main/AndroidManifest.xml:12:19-57
23            android:parentActivityName="com.example.myfirstapp.MainActivity" >
23-->src/main/AndroidManifest.xml:13:13-55
24
25            <!-- The meta-data tag is required if you support API level 15 and lower -->
26            <meta-data
26-->src/main/AndroidManifest.xml:15:13-17:49
27                android:name="android.support.PARENT_ACTIVITY"
27-->src/main/AndroidManifest.xml:16:17-63
28                android:value=".MainActivity" />
28-->src/main/AndroidManifest.xml:17:17-46
29        </activity>
30        <activity
30-->src/main/AndroidManifest.xml:19:9-26:20
31            android:name="com.example.myfirstapp.MainActivity"
31-->src/main/AndroidManifest.xml:20:13-41
32            android:exported="true" >
32-->src/main/AndroidManifest.xml:21:13-36
33            <intent-filter>
33-->src/main/AndroidManifest.xml:22:13-25:29
34                <action android:name="android.intent.action.MAIN" />
34-->src/main/AndroidManifest.xml:23:17-69
34-->src/main/AndroidManifest.xml:23:25-66
35
36                <category android:name="android.intent.category.LAUNCHER" />
36-->src/main/AndroidManifest.xml:24:17-77
36-->src/main/AndroidManifest.xml:24:27-74
37            </intent-filter>
38        </activity>
39    </application>
40
41</manifest>